2025-04-14 01:58:35 INFO  Base:50 - chrome Browser is up and ready to be loaded
2025-04-14 01:58:38 INFO  Base:71 - Opening website https://www.mvmt.com/login?action=register for automation testing
2025-04-14 01:58:48 INFO  Base:27 - Create Account Page Tests Method running....
2025-04-14 01:59:11 INFO  Base:57 - Login Page Tests Method running....
2025-04-14 01:59:41 INFO  Base:20 - Home Page Tests Method running....
2025-04-14 02:00:05 INFO  Base:19 - Mens Watches Page Tests Method running....
2025-04-14 03:57:42 INFO  Base:50 - chrome Browser is up and ready to be loaded
2025-04-14 03:57:48 INFO  Base:71 - Opening website https://www.mvmt.com/login?action=register for automation testing
2025-04-14 04:02:20 INFO  Base:50 - chrome Browser is up and ready to be loaded
2025-04-14 04:02:25 INFO  Base:71 - Opening website https://www.mvmt.com/login?action=register for automation testing
2025-04-14 04:04:00 INFO  Base:21 - Home Page Tests Method running....
2025-04-14 04:04:27 INFO  Base:23 - Mens Watches Page Tests Method running....
2025-04-14 04:08:36 INFO  Base:50 - chrome Browser is up and ready to be loaded
2025-04-14 04:08:41 INFO  Base:71 - Opening website https://www.mvmt.com/login?action=register for automation testing
2025-04-14 04:10:26 INFO  Base:21 - Home Page Tests Method running....
2025-04-14 04:10:52 INFO  Base:23 - Mens Watches Page Tests Method running....
2025-04-14 04:32:28 INFO  Base:50 - chrome Browser is up and ready to be loaded
2025-04-14 04:32:33 INFO  Base:71 - Opening website https://www.mvmt.com/login?action=register for automation testing
2025-04-14 04:33:35 INFO  Base:21 - Home Page Tests Method running....
2025-04-14 04:36:06 INFO  Base:50 - chrome Browser is up and ready to be loaded
2025-04-14 04:36:10 INFO  Base:71 - Opening website https://www.mvmt.com/login?action=register for automation testing
2025-04-14 04:37:09 INFO  Base:21 - Home Page Tests Method running....
2025-04-14 04:38:44 INFO  Base:50 - chrome Browser is up and ready to be loaded
2025-04-14 04:38:47 INFO  Base:71 - Opening website https://www.mvmt.com/login?action=register for automation testing
2025-04-14 04:39:47 INFO  Base:21 - Home Page Tests Method running....
2025-04-14 04:40:12 INFO  Base:23 - Mens Watches Page Tests Method running....
2025-04-14 04:43:24 INFO  Base:50 - chrome Browser is up and ready to be loaded
2025-04-14 04:43:28 INFO  Base:71 - Opening website https://www.mvmt.com/login?action=register for automation testing
2025-04-14 04:44:30 INFO  Base:21 - Home Page Tests Method running....
2025-04-14 04:44:55 INFO  Base:23 - Mens Watches Page Tests Method running....
2025-04-14 09:01:23 INFO  Base:50 - chrome Browser is up and ready to be loaded
2025-04-14 09:01:28 INFO  Base:71 - Opening website https://www.mvmt.com/login?action=register for automation testing
2025-04-14 09:02:28 INFO  Base:21 - Home Page Tests Method running....
2025-04-14 09:02:53 INFO  Base:23 - Mens Watches Page Tests Method running....
2025-04-14 09:04:17 INFO  Base:21 - Home Page Tests Method running....
2025-04-14 09:04:41 INFO  Base:23 - Mens Watches Page Tests Method running....
2025-04-14 09:07:53 INFO  Base:50 - chrome Browser is up and ready to be loaded
2025-04-14 09:07:57 INFO  Base:71 - Opening website https://www.mvmt.com/login?action=register for automation testing
2025-04-14 09:08:57 INFO  Base:21 - Home Page Tests Method running....
2025-04-14 09:09:23 INFO  Base:23 - Mens Watches Page Tests Method running....
2025-04-14 09:10:54 INFO  Base:21 - Home Page Tests Method running....
2025-04-14 09:11:19 INFO  Base:23 - Mens Watches Page Tests Method running....
2025-04-14 09:12:48 INFO  Base:21 - Home Page Tests Method running....
2025-04-14 09:13:12 INFO  Base:23 - Mens Watches Page Tests Method running....
